2025-11-13 13:49:02.647 | INFO    | sun.nio.cs.StreamEncoder.writeBytes(StreamEncoder.java:309) | [log] sessionDir=/home/gauges/gauges/logs/ui/log-2
2025-11-13 13:49:02.651 | INFO    | sun.nio.cs.StreamEncoder.writeBytes(StreamEncoder.java:309) | [log] file=/home/gauges/gauges/logs/ui/log-2/app.log, master=/home/gauges/gauges/logs/master.log
2025-11-13 13:49:02.652 | INFO    | sun.nio.cs.StreamEncoder.writeBytes(StreamEncoder.java:309) | Logging enabled: true
2025-11-13 13:49:03.026 | INFO    | sun.nio.cs.StreamEncoder.writeBytes(StreamEncoder.java:309) | [Boot][Probe] base=http://127.0.0.1:8000 candidates=[/api/snapshot, /index, /api/index, /v1/index, /data/index, /index.json]
2025-11-13 13:49:03.111 | SEVERE  | sun.nio.cs.StreamEncoder.writeBytes(StreamEncoder.java:309) | [Boot][Probe] error for path /api/snapshot: null
2025-11-13 13:49:03.115 | SEVERE  | sun.nio.cs.StreamEncoder.writeBytes(StreamEncoder.java:309) | [Boot][Probe] error for path /index: null
2025-11-13 13:49:03.121 | SEVERE  | sun.nio.cs.StreamEncoder.writeBytes(StreamEncoder.java:309) | [Boot][Probe] error for path /api/index: null
2025-11-13 13:49:03.123 | SEVERE  | sun.nio.cs.StreamEncoder.writeBytes(StreamEncoder.java:309) | [Boot][Probe] error for path /v1/index: null
2025-11-13 13:49:03.126 | SEVERE  | sun.nio.cs.StreamEncoder.writeBytes(StreamEncoder.java:309) | [Boot][Probe] error for path /data/index: null
2025-11-13 13:49:03.128 | SEVERE  | sun.nio.cs.StreamEncoder.writeBytes(StreamEncoder.java:309) | [Boot][Probe] error for path /index.json: null
2025-11-13 13:49:03.129 | SEVERE  | sun.nio.cs.StreamEncoder.writeBytes(StreamEncoder.java:309) | [Boot][Probe] No 2xx path found; falling back to http://127.0.0.1:8000/api/snapshot
2025-11-13 13:49:03.130 | INFO    | gauges.system.pipeline.IndexStore.log(IndexStore.java:122) | [IndexStore] constructed
2025-11-13 13:49:03.130 | INFO    | gauges.system.pipeline.IndexRouter.log(IndexRouter.java:109) | [IndexRouter] installed
2025-11-13 13:49:03.139 | INFO    | sun.nio.cs.StreamEncoder.writeBytes(StreamEncoder.java:309) | [Pipeline] IndexFetcher started → http://127.0.0.1:8000/api/snapshot every 33 ms
2025-11-13 13:49:03.622 | INFO    | sun.nio.cs.StreamEncoder.writeBytes(StreamEncoder.java:309) | [Mode] Loaded: configs/Modes/mode1.json
2025-11-13 13:49:03.625 | INFO    | sun.nio.cs.StreamEncoder.writeBytes(StreamEncoder.java:309) | [Boot] after WindowManager
2025-11-13 13:49:03.631 | INFO    | sun.nio.cs.StreamEncoder.writeBytes(StreamEncoder.java:309) |   • javafx.stage.Stage  showing=true  x=NaN y=NaN  w=1280.0 h=720.0  title="Gauges — Dashboard"
2025-11-13 13:49:03.638 | INFO    | sun.nio.cs.StreamEncoder.writeBytes(StreamEncoder.java:309) |   • javafx.stage.Stage  showing=true  x=NaN y=NaN  w=640.0 h=640.0  title="Gauges — Single"
2025-11-13 13:49:03.639 | INFO    | sun.nio.cs.StreamEncoder.writeBytes(StreamEncoder.java:309) |   • javafx.stage.Stage  showing=true  x=NaN y=NaN  w=420.0 h=360.0  title="Gauges — Control Panel"
2025-11-13 13:49:03.819 | INFO    | sun.nio.cs.StreamEncoder.writeBytes(StreamEncoder.java:309) | [Dashboard][Debug] dashboardSection length=436
2025-11-13 13:49:03.827 | INFO    | sun.nio.cs.StreamEncoder.writeBytes(StreamEncoder.java:309) | [Dashboard][Debug] dashboardSection head=
2025-11-13 13:49:03.832 | INFO    | sun.nio.cs.StreamEncoder.writeBytes(StreamEncoder.java:309) | {
2025-11-13 13:49:03.839 | INFO    | sun.nio.cs.StreamEncoder.writeBytes(StreamEncoder.java:309) |     "displays": [
2025-11-13 13:49:03.854 | INFO    | sun.nio.cs.StreamEncoder.writeBytes(StreamEncoder.java:309) |       {
2025-11-13 13:49:03.857 | INFO    | sun.nio.cs.StreamEncoder.writeBytes(StreamEncoder.java:309) |         "type": "gauges.ui.gauges.RollingGauge",
2025-11-13 13:49:03.882 | INFO    | sun.nio.cs.StreamEncoder.writeBytes(StreamEncoder.java:309) |         "config": "configs/gauges/rolling_style_a.json",
2025-11-13 13:49:03.912 | INFO    | sun.nio.cs.StreamEncoder.writeBytes(StreamEncoder.java:309) |         "bind": "current.value",
2025-11-13 13:49:03.913 | INFO    | sun.nio.cs.StreamEncoder.writeBytes(StreamEncoder.java:309) |         "x": 40,  "y": 40,  "w": 560, "h": 280
2025-11-13 13:49:03.913 | INFO    | sun.nio.cs.StreamEncoder.writeBytes(StreamEncoder.java:309) |       },
2025-11-13 13:49:03.919 | INFO    | sun.nio.cs.StreamEncoder.writeBytes(StreamEncoder.java:309) |       {
2025-11-13 13:49:03.919 | INFO    | sun.nio.cs.StreamEncoder.writeBytes(StreamEncoder.java:309) |         "type": "gauges.ui.gauges.CenterTextGauge",
2025-11-13 13:49:03.919 | INFO    | sun.nio.cs.StreamEncoder.writeBytes(StreamEncoder.java:309) |         "config": "configs/gauges/center_style_a.json",
2025-11-13 13:49:03.919 | INFO    | sun.nio.cs.StreamEncoder.writeBytes(StreamEncoder.java:309) |         "bind": "current.value",
2025-11-13 13:49:03.920 | INFO    | sun.nio.cs.StreamEncoder.writeBytes(StreamEncoder.java:309) |         "x": 620, "y": 40,  
2025-11-13 13:49:03.938 | INFO    | sun.nio.cs.StreamEncoder.writeBytes(StreamEncoder.java:309) | [Dashboard][Debug] dashboardSection tail=
2025-11-13 13:49:03.947 | INFO    | sun.nio.cs.StreamEncoder.writeBytes(StreamEncoder.java:309) |    "type": "gauges.ui.gauges.CenterTextGauge",
2025-11-13 13:49:03.951 | INFO    | sun.nio.cs.StreamEncoder.writeBytes(StreamEncoder.java:309) |         "config": "configs/gauges/center_style_a.json",
2025-11-13 13:49:03.965 | INFO    | sun.nio.cs.StreamEncoder.writeBytes(StreamEncoder.java:309) |         "bind": "current.value",
2025-11-13 13:49:03.970 | INFO    | sun.nio.cs.StreamEncoder.writeBytes(StreamEncoder.java:309) |         "x": 620, "y": 40,  "w": 560, "h": 280
2025-11-13 13:49:03.971 | INFO    | sun.nio.cs.StreamEncoder.writeBytes(StreamEncoder.java:309) |       }
2025-11-13 13:49:03.993 | INFO    | sun.nio.cs.StreamEncoder.writeBytes(StreamEncoder.java:309) |     ]
2025-11-13 13:49:04.005 | INFO    | sun.nio.cs.StreamEncoder.writeBytes(StreamEncoder.java:309) |   }
2025-11-13 13:49:04.051 | INFO    | sun.nio.cs.StreamEncoder.writeBytes(StreamEncoder.java:309) | [Dashboard][Probe] found: file:/home/gauges/gauges/ui-java/build/resources/main/configs/gauges/rolling_style_a.json
2025-11-13 13:49:04.094 | INFO    | sun.nio.cs.StreamEncoder.writeBytes(StreamEncoder.java:309) | [Dashboard] mounted: type=gauges.ui.gauges.RollingGauge config=configs/gauges/rolling_style_a.json bind=current.value center=(40.0,40.0) size=(560.0,280.0)
2025-11-13 13:49:04.181 | INFO    | sun.nio.cs.StreamEncoder.writeBytes(StreamEncoder.java:309) | [Dashboard][Probe] found: file:/home/gauges/gauges/ui-java/build/resources/main/configs/gauges/center_style_a.json
2025-11-13 13:49:04.181 | INFO    | sun.nio.cs.StreamEncoder.writeBytes(StreamEncoder.java:309) | [Dashboard] mounted: type=gauges.ui.gauges.CenterTextGauge config=configs/gauges/center_style_a.json bind=current.value center=(620.0,40.0) size=(560.0,280.0)
2025-11-13 13:49:04.277 | INFO    | sun.nio.cs.StreamEncoder.writeBytes(StreamEncoder.java:309) | [SingleGauge][Debug] singleGaugeSection length=189
2025-11-13 13:49:04.285 | INFO    | sun.nio.cs.StreamEncoder.writeBytes(StreamEncoder.java:309) | [SingleGauge][Debug] singleGaugeSection head=
2025-11-13 13:49:04.287 | INFO    | sun.nio.cs.StreamEncoder.writeBytes(StreamEncoder.java:309) | {
2025-11-13 13:49:04.287 | INFO    | sun.nio.cs.StreamEncoder.writeBytes(StreamEncoder.java:309) |     "displays": [
2025-11-13 13:49:04.292 | INFO    | sun.nio.cs.StreamEncoder.writeBytes(StreamEncoder.java:309) |       {
2025-11-13 13:49:04.292 | INFO    | sun.nio.cs.StreamEncoder.writeBytes(StreamEncoder.java:309) |         "type": "gauges.ui.gauges.NoTextGaugeDigital",
2025-11-13 13:49:04.292 | INFO    | sun.nio.cs.StreamEncoder.writeBytes(StreamEncoder.java:309) |         "config": "configs/gauges/digital_style_a.json",
2025-11-13 13:49:04.292 | INFO    | sun.nio.cs.StreamEncoder.writeBytes(StreamEncoder.java:309) |         "bind": "current.value"
2025-11-13 13:49:04.293 | INFO    | sun.nio.cs.StreamEncoder.writeBytes(StreamEncoder.java:309) |       }
2025-11-13 13:49:04.293 | INFO    | sun.nio.cs.StreamEncoder.writeBytes(StreamEncoder.java:309) |     ]
2025-11-13 13:49:04.293 | INFO    | sun.nio.cs.StreamEncoder.writeBytes(StreamEncoder.java:309) |   }
2025-11-13 13:49:04.300 | INFO    | sun.nio.cs.StreamEncoder.writeBytes(StreamEncoder.java:309) | [SingleGauge][Probe] found: file:/home/gauges/gauges/ui-java/build/resources/main/configs/gauges/digital_style_a.json
2025-11-13 13:49:04.302 | INFO    | sun.nio.cs.StreamEncoder.writeBytes(StreamEncoder.java:309) | [SingleGauge] mounted: type=gauges.ui.gauges.NoTextGaugeDigital config=configs/gauges/digital_style_a.json bind=current.value
2025-11-13 13:49:07.059 | INFO    | sun.nio.cs.StreamEncoder.writeBytes(StreamEncoder.java:309) | [Mode] Loaded: configs/Modes/mode2.json
2025-11-13 13:49:07.164 | INFO    | sun.nio.cs.StreamEncoder.writeBytes(StreamEncoder.java:309) | [Dashboard][Debug] dashboardSection length=436
2025-11-13 13:49:07.174 | INFO    | sun.nio.cs.StreamEncoder.writeBytes(StreamEncoder.java:309) | [Dashboard][Debug] dashboardSection head=
2025-11-13 13:49:07.202 | INFO    | sun.nio.cs.StreamEncoder.writeBytes(StreamEncoder.java:309) | {
2025-11-13 13:49:07.204 | INFO    | sun.nio.cs.StreamEncoder.writeBytes(StreamEncoder.java:309) |     "displays": [
2025-11-13 13:49:07.204 | INFO    | sun.nio.cs.StreamEncoder.writeBytes(StreamEncoder.java:309) |       {
2025-11-13 13:49:07.205 | INFO    | sun.nio.cs.StreamEncoder.writeBytes(StreamEncoder.java:309) |         "type": "gauges.ui.gauges.RollingGauge",
2025-11-13 13:49:07.205 | INFO    | sun.nio.cs.StreamEncoder.writeBytes(StreamEncoder.java:309) |         "config": "configs/gauges/rolling_style_b.json",
2025-11-13 13:49:07.205 | INFO    | sun.nio.cs.StreamEncoder.writeBytes(StreamEncoder.java:309) |         "bind": "current.value",
2025-11-13 13:49:07.205 | INFO    | sun.nio.cs.StreamEncoder.writeBytes(StreamEncoder.java:309) |         "x": 40,  "y": 40,  "w": 640, "h": 260
2025-11-13 13:49:07.206 | INFO    | sun.nio.cs.StreamEncoder.writeBytes(StreamEncoder.java:309) |       },
2025-11-13 13:49:07.209 | INFO    | sun.nio.cs.StreamEncoder.writeBytes(StreamEncoder.java:309) |       {
2025-11-13 13:49:07.209 | INFO    | sun.nio.cs.StreamEncoder.writeBytes(StreamEncoder.java:309) |         "type": "gauges.ui.gauges.CenterTextGauge",
2025-11-13 13:49:07.209 | INFO    | sun.nio.cs.StreamEncoder.writeBytes(StreamEncoder.java:309) |         "config": "configs/gauges/center_style_b.json",
2025-11-13 13:49:07.218 | INFO    | sun.nio.cs.StreamEncoder.writeBytes(StreamEncoder.java:309) |         "bind": "current.value",
2025-11-13 13:49:07.219 | INFO    | sun.nio.cs.StreamEncoder.writeBytes(StreamEncoder.java:309) |         "x": 700, "y": 40,  
2025-11-13 13:49:07.222 | INFO    | sun.nio.cs.StreamEncoder.writeBytes(StreamEncoder.java:309) | [Dashboard][Debug] dashboardSection tail=
2025-11-13 13:49:07.222 | INFO    | sun.nio.cs.StreamEncoder.writeBytes(StreamEncoder.java:309) |    "type": "gauges.ui.gauges.CenterTextGauge",
2025-11-13 13:49:07.222 | INFO    | sun.nio.cs.StreamEncoder.writeBytes(StreamEncoder.java:309) |         "config": "configs/gauges/center_style_b.json",
2025-11-13 13:49:07.228 | INFO    | sun.nio.cs.StreamEncoder.writeBytes(StreamEncoder.java:309) |         "bind": "current.value",
2025-11-13 13:49:07.232 | INFO    | sun.nio.cs.StreamEncoder.writeBytes(StreamEncoder.java:309) |         "x": 700, "y": 40,  "w": 480, "h": 260
2025-11-13 13:49:07.239 | INFO    | sun.nio.cs.StreamEncoder.writeBytes(StreamEncoder.java:309) |       }
2025-11-13 13:49:07.240 | INFO    | sun.nio.cs.StreamEncoder.writeBytes(StreamEncoder.java:309) |     ]
2025-11-13 13:49:07.240 | INFO    | sun.nio.cs.StreamEncoder.writeBytes(StreamEncoder.java:309) |   }
2025-11-13 13:49:07.259 | INFO    | sun.nio.cs.StreamEncoder.writeBytes(StreamEncoder.java:309) | [Dashboard][Probe] found: file:/home/gauges/gauges/ui-java/build/resources/main/configs/gauges/rolling_style_b.json
2025-11-13 13:49:07.269 | INFO    | sun.nio.cs.StreamEncoder.writeBytes(StreamEncoder.java:309) | [Dashboard] mounted: type=gauges.ui.gauges.RollingGauge config=configs/gauges/rolling_style_b.json bind=current.value center=(40.0,40.0) size=(640.0,260.0)
2025-11-13 13:49:07.287 | INFO    | sun.nio.cs.StreamEncoder.writeBytes(StreamEncoder.java:309) | [Dashboard][Probe] found: file:/home/gauges/gauges/ui-java/build/resources/main/configs/gauges/center_style_b.json
2025-11-13 13:49:07.295 | INFO    | sun.nio.cs.StreamEncoder.writeBytes(StreamEncoder.java:309) | [Dashboard] mounted: type=gauges.ui.gauges.CenterTextGauge config=configs/gauges/center_style_b.json bind=current.value center=(700.0,40.0) size=(480.0,260.0)
2025-11-13 13:49:07.316 | INFO    | sun.nio.cs.StreamEncoder.writeBytes(StreamEncoder.java:309) | [SingleGauge][Debug] singleGaugeSection length=189
2025-11-13 13:49:07.327 | INFO    | sun.nio.cs.StreamEncoder.writeBytes(StreamEncoder.java:309) | [SingleGauge][Debug] singleGaugeSection head=
2025-11-13 13:49:07.327 | INFO    | sun.nio.cs.StreamEncoder.writeBytes(StreamEncoder.java:309) | {
2025-11-13 13:49:07.328 | INFO    | sun.nio.cs.StreamEncoder.writeBytes(StreamEncoder.java:309) |     "displays": [
2025-11-13 13:49:07.331 | INFO    | sun.nio.cs.StreamEncoder.writeBytes(StreamEncoder.java:309) |       {
2025-11-13 13:49:07.332 | INFO    | sun.nio.cs.StreamEncoder.writeBytes(StreamEncoder.java:309) |         "type": "gauges.ui.gauges.NoTextGaugeDigital",
2025-11-13 13:49:07.332 | INFO    | sun.nio.cs.StreamEncoder.writeBytes(StreamEncoder.java:309) |         "config": "configs/gauges/digital_style_b.json",
2025-11-13 13:49:07.332 | INFO    | sun.nio.cs.StreamEncoder.writeBytes(StreamEncoder.java:309) |         "bind": "current.value"
2025-11-13 13:49:07.332 | INFO    | sun.nio.cs.StreamEncoder.writeBytes(StreamEncoder.java:309) |       }
2025-11-13 13:49:07.332 | INFO    | sun.nio.cs.StreamEncoder.writeBytes(StreamEncoder.java:309) |     ]
2025-11-13 13:49:07.332 | INFO    | sun.nio.cs.StreamEncoder.writeBytes(StreamEncoder.java:309) |   }
2025-11-13 13:49:07.343 | INFO    | sun.nio.cs.StreamEncoder.writeBytes(StreamEncoder.java:309) | [SingleGauge][Probe] found: file:/home/gauges/gauges/ui-java/build/resources/main/configs/gauges/digital_style_b.json
2025-11-13 13:49:07.348 | INFO    | sun.nio.cs.StreamEncoder.writeBytes(StreamEncoder.java:309) | [SingleGauge] mounted: type=gauges.ui.gauges.NoTextGaugeDigital config=configs/gauges/digital_style_b.json bind=current.value
2025-11-13 13:49:07.895 | INFO    | sun.nio.cs.StreamEncoder.writeBytes(StreamEncoder.java:309) | [Mode] Loaded: configs/Modes/mode1.json
2025-11-13 13:49:07.936 | INFO    | sun.nio.cs.StreamEncoder.writeBytes(StreamEncoder.java:309) | [Dashboard][Debug] dashboardSection length=436
2025-11-13 13:49:07.947 | INFO    | sun.nio.cs.StreamEncoder.writeBytes(StreamEncoder.java:309) | [Dashboard][Debug] dashboardSection head=
2025-11-13 13:49:07.963 | INFO    | sun.nio.cs.StreamEncoder.writeBytes(StreamEncoder.java:309) | {
2025-11-13 13:49:07.965 | INFO    | sun.nio.cs.StreamEncoder.writeBytes(StreamEncoder.java:309) |     "displays": [
2025-11-13 13:49:07.965 | INFO    | sun.nio.cs.StreamEncoder.writeBytes(StreamEncoder.java:309) |       {
2025-11-13 13:49:07.965 | INFO    | sun.nio.cs.StreamEncoder.writeBytes(StreamEncoder.java:309) |         "type": "gauges.ui.gauges.RollingGauge",
2025-11-13 13:49:07.970 | INFO    | sun.nio.cs.StreamEncoder.writeBytes(StreamEncoder.java:309) |         "config": "configs/gauges/rolling_style_a.json",
2025-11-13 13:49:07.974 | INFO    | sun.nio.cs.StreamEncoder.writeBytes(StreamEncoder.java:309) |         "bind": "current.value",
2025-11-13 13:49:07.981 | INFO    | sun.nio.cs.StreamEncoder.writeBytes(StreamEncoder.java:309) |         "x": 40,  "y": 40,  "w": 560, "h": 280
2025-11-13 13:49:07.981 | INFO    | sun.nio.cs.StreamEncoder.writeBytes(StreamEncoder.java:309) |       },
2025-11-13 13:49:07.981 | INFO    | sun.nio.cs.StreamEncoder.writeBytes(StreamEncoder.java:309) |       {
2025-11-13 13:49:07.990 | INFO    | sun.nio.cs.StreamEncoder.writeBytes(StreamEncoder.java:309) |         "type": "gauges.ui.gauges.CenterTextGauge",
2025-11-13 13:49:07.994 | INFO    | sun.nio.cs.StreamEncoder.writeBytes(StreamEncoder.java:309) |         "config": "configs/gauges/center_style_a.json",
2025-11-13 13:49:07.994 | INFO    | sun.nio.cs.StreamEncoder.writeBytes(StreamEncoder.java:309) |         "bind": "current.value",
2025-11-13 13:49:07.994 | INFO    | sun.nio.cs.StreamEncoder.writeBytes(StreamEncoder.java:309) |         "x": 620, "y": 40,  
2025-11-13 13:49:07.995 | INFO    | sun.nio.cs.StreamEncoder.writeBytes(StreamEncoder.java:309) | [Dashboard][Debug] dashboardSection tail=
2025-11-13 13:49:07.996 | INFO    | sun.nio.cs.StreamEncoder.writeBytes(StreamEncoder.java:309) |    "type": "gauges.ui.gauges.CenterTextGauge",
2025-11-13 13:49:08.006 | INFO    | sun.nio.cs.StreamEncoder.writeBytes(StreamEncoder.java:309) |         "config": "configs/gauges/center_style_a.json",
2025-11-13 13:49:08.008 | INFO    | sun.nio.cs.StreamEncoder.writeBytes(StreamEncoder.java:309) |         "bind": "current.value",
2025-11-13 13:49:08.014 | INFO    | sun.nio.cs.StreamEncoder.writeBytes(StreamEncoder.java:309) |         "x": 620, "y": 40,  "w": 560, "h": 280
2025-11-13 13:49:08.019 | INFO    | sun.nio.cs.StreamEncoder.writeBytes(StreamEncoder.java:309) |       }
2025-11-13 13:49:08.023 | INFO    | sun.nio.cs.StreamEncoder.writeBytes(StreamEncoder.java:309) |     ]
2025-11-13 13:49:08.023 | INFO    | sun.nio.cs.StreamEncoder.writeBytes(StreamEncoder.java:309) |   }
2025-11-13 13:49:08.031 | INFO    | sun.nio.cs.StreamEncoder.writeBytes(StreamEncoder.java:309) | [Dashboard][Probe] found: file:/home/gauges/gauges/ui-java/build/resources/main/configs/gauges/rolling_style_a.json
2025-11-13 13:49:08.038 | INFO    | sun.nio.cs.StreamEncoder.writeBytes(StreamEncoder.java:309) | [Dashboard] mounted: type=gauges.ui.gauges.RollingGauge config=configs/gauges/rolling_style_a.json bind=current.value center=(40.0,40.0) size=(560.0,280.0)
2025-11-13 13:49:08.053 | INFO    | sun.nio.cs.StreamEncoder.writeBytes(StreamEncoder.java:309) | [Dashboard][Probe] found: file:/home/gauges/gauges/ui-java/build/resources/main/configs/gauges/center_style_a.json
2025-11-13 13:49:08.060 | INFO    | sun.nio.cs.StreamEncoder.writeBytes(StreamEncoder.java:309) | [Dashboard] mounted: type=gauges.ui.gauges.CenterTextGauge config=configs/gauges/center_style_a.json bind=current.value center=(620.0,40.0) size=(560.0,280.0)
2025-11-13 13:49:08.074 | INFO    | sun.nio.cs.StreamEncoder.writeBytes(StreamEncoder.java:309) | [SingleGauge][Debug] singleGaugeSection length=189
2025-11-13 13:49:08.074 | INFO    | sun.nio.cs.StreamEncoder.writeBytes(StreamEncoder.java:309) | [SingleGauge][Debug] singleGaugeSection head=
2025-11-13 13:49:08.080 | INFO    | sun.nio.cs.StreamEncoder.writeBytes(StreamEncoder.java:309) | {
2025-11-13 13:49:08.080 | INFO    | sun.nio.cs.StreamEncoder.writeBytes(StreamEncoder.java:309) |     "displays": [
2025-11-13 13:49:08.080 | INFO    | sun.nio.cs.StreamEncoder.writeBytes(StreamEncoder.java:309) |       {
2025-11-13 13:49:08.082 | INFO    | sun.nio.cs.StreamEncoder.writeBytes(StreamEncoder.java:309) |         "type": "gauges.ui.gauges.NoTextGaugeDigital",
2025-11-13 13:49:08.082 | INFO    | sun.nio.cs.StreamEncoder.writeBytes(StreamEncoder.java:309) |         "config": "configs/gauges/digital_style_a.json",
2025-11-13 13:49:08.086 | INFO    | sun.nio.cs.StreamEncoder.writeBytes(StreamEncoder.java:309) |         "bind": "current.value"
2025-11-13 13:49:08.088 | INFO    | sun.nio.cs.StreamEncoder.writeBytes(StreamEncoder.java:309) |       }
2025-11-13 13:49:08.088 | INFO    | sun.nio.cs.StreamEncoder.writeBytes(StreamEncoder.java:309) |     ]
2025-11-13 13:49:08.090 | INFO    | sun.nio.cs.StreamEncoder.writeBytes(StreamEncoder.java:309) |   }
2025-11-13 13:49:08.098 | INFO    | sun.nio.cs.StreamEncoder.writeBytes(StreamEncoder.java:309) | [SingleGauge][Probe] found: file:/home/gauges/gauges/ui-java/build/resources/main/configs/gauges/digital_style_a.json
2025-11-13 13:49:08.099 | INFO    | sun.nio.cs.StreamEncoder.writeBytes(StreamEncoder.java:309) | [SingleGauge] mounted: type=gauges.ui.gauges.NoTextGaugeDigital config=configs/gauges/digital_style_a.json bind=current.value
2025-11-13 13:53:42.483 | INFO    | sun.nio.cs.StreamEncoder.writeBytes(StreamEncoder.java:309) | [log] sessionDir=/home/gauges/gauges/logs/ui/log-3
2025-11-13 13:53:42.489 | INFO    | sun.nio.cs.StreamEncoder.writeBytes(StreamEncoder.java:309) | [log] file=/home/gauges/gauges/logs/ui/log-3/app.log, master=/home/gauges/gauges/logs/master.log
2025-11-13 13:53:42.491 | INFO    | sun.nio.cs.StreamEncoder.writeBytes(StreamEncoder.java:309) | [log] storage=/home/gauges/gauges/Storage
2025-11-13 13:53:42.494 | INFO    | sun.nio.cs.StreamEncoder.writeBytes(StreamEncoder.java:309) | Logging enabled: true
2025-11-13 13:53:42.856 | INFO    | sun.nio.cs.StreamEncoder.writeBytes(StreamEncoder.java:309) | [Boot][Probe] base=http://127.0.0.1:8000 candidates=[/api/snapshot, /index, /api/index, /v1/index, /data/index, /index.json]
2025-11-13 13:53:42.918 | SEVERE  | sun.nio.cs.StreamEncoder.writeBytes(StreamEncoder.java:309) | [Boot][Probe] error for path /api/snapshot: null
2025-11-13 13:53:42.923 | SEVERE  | sun.nio.cs.StreamEncoder.writeBytes(StreamEncoder.java:309) | [Boot][Probe] error for path /index: null
2025-11-13 13:53:42.929 | SEVERE  | sun.nio.cs.StreamEncoder.writeBytes(StreamEncoder.java:309) | [Boot][Probe] error for path /api/index: null
2025-11-13 13:53:42.947 | SEVERE  | sun.nio.cs.StreamEncoder.writeBytes(StreamEncoder.java:309) | [Boot][Probe] error for path /v1/index: null
2025-11-13 13:53:42.973 | SEVERE  | sun.nio.cs.StreamEncoder.writeBytes(StreamEncoder.java:309) | [Boot][Probe] error for path /data/index: null
2025-11-13 13:53:42.991 | SEVERE  | sun.nio.cs.StreamEncoder.writeBytes(StreamEncoder.java:309) | [Boot][Probe] error for path /index.json: null
2025-11-13 13:53:43.003 | SEVERE  | sun.nio.cs.StreamEncoder.writeBytes(StreamEncoder.java:309) | [Boot][Probe] No 2xx path found; falling back to http://127.0.0.1:8000/api/snapshot
2025-11-13 13:53:43.010 | INFO    | gauges.system.pipeline.IndexStore.log(IndexStore.java:122) | [IndexStore] constructed
2025-11-13 13:53:43.015 | INFO    | gauges.system.pipeline.IndexRouter.log(IndexRouter.java:109) | [IndexRouter] installed
2025-11-13 13:53:43.056 | INFO    | sun.nio.cs.StreamEncoder.writeBytes(StreamEncoder.java:309) | [Pipeline] IndexFetcher started → http://127.0.0.1:8000/api/snapshot every 33 ms
2025-11-13 13:53:43.742 | INFO    | sun.nio.cs.StreamEncoder.writeBytes(StreamEncoder.java:309) | [Mode] Loaded: configs/Modes/mode1.json
2025-11-13 13:53:43.776 | INFO    | sun.nio.cs.StreamEncoder.writeBytes(StreamEncoder.java:309) | [Boot] after WindowManager
2025-11-13 13:53:43.826 | INFO    | sun.nio.cs.StreamEncoder.writeBytes(StreamEncoder.java:309) |   • javafx.stage.Stage  showing=true  x=NaN y=NaN  w=1280.0 h=720.0  title="Gauges — Dashboard"
2025-11-13 13:53:43.861 | INFO    | sun.nio.cs.StreamEncoder.writeBytes(StreamEncoder.java:309) |   • javafx.stage.Stage  showing=true  x=NaN y=NaN  w=640.0 h=640.0  title="Gauges — Single"
2025-11-13 13:53:43.881 | INFO    | sun.nio.cs.StreamEncoder.writeBytes(StreamEncoder.java:309) |   • javafx.stage.Stage  showing=true  x=NaN y=NaN  w=420.0 h=360.0  title="Gauges — Control Panel"
2025-11-13 13:53:44.424 | INFO    | sun.nio.cs.StreamEncoder.writeBytes(StreamEncoder.java:309) | [Dashboard][Debug] dashboardSection length=436
2025-11-13 13:53:44.430 | INFO    | sun.nio.cs.StreamEncoder.writeBytes(StreamEncoder.java:309) | [Dashboard][Debug] dashboardSection head=
2025-11-13 13:53:44.432 | INFO    | sun.nio.cs.StreamEncoder.writeBytes(StreamEncoder.java:309) | {
2025-11-13 13:53:44.436 | INFO    | sun.nio.cs.StreamEncoder.writeBytes(StreamEncoder.java:309) |     "displays": [
2025-11-13 13:53:44.438 | INFO    | sun.nio.cs.StreamEncoder.writeBytes(StreamEncoder.java:309) |       {
2025-11-13 13:53:44.438 | INFO    | sun.nio.cs.StreamEncoder.writeBytes(StreamEncoder.java:309) |         "type": "gauges.ui.gauges.RollingGauge",
2025-11-13 13:53:44.441 | INFO    | sun.nio.cs.StreamEncoder.writeBytes(StreamEncoder.java:309) |         "config": "configs/gauges/rolling_style_a.json",
2025-11-13 13:53:44.442 | INFO    | sun.nio.cs.StreamEncoder.writeBytes(StreamEncoder.java:309) |         "bind": "current.value",
2025-11-13 13:53:44.443 | INFO    | sun.nio.cs.StreamEncoder.writeBytes(StreamEncoder.java:309) |         "x": 40,  "y": 40,  "w": 560, "h": 280
2025-11-13 13:53:44.444 | INFO    | sun.nio.cs.StreamEncoder.writeBytes(StreamEncoder.java:309) |       },
2025-11-13 13:53:44.444 | INFO    | sun.nio.cs.StreamEncoder.writeBytes(StreamEncoder.java:309) |       {
2025-11-13 13:53:44.445 | INFO    | sun.nio.cs.StreamEncoder.writeBytes(StreamEncoder.java:309) |         "type": "gauges.ui.gauges.CenterTextGauge",
2025-11-13 13:53:44.445 | INFO    | sun.nio.cs.StreamEncoder.writeBytes(StreamEncoder.java:309) |         "config": "configs/gauges/center_style_a.json",
2025-11-13 13:53:44.445 | INFO    | sun.nio.cs.StreamEncoder.writeBytes(StreamEncoder.java:309) |         "bind": "current.value",
2025-11-13 13:53:44.445 | INFO    | sun.nio.cs.StreamEncoder.writeBytes(StreamEncoder.java:309) |         "x": 620, "y": 40,  
2025-11-13 13:53:44.446 | INFO    | sun.nio.cs.StreamEncoder.writeBytes(StreamEncoder.java:309) | [Dashboard][Debug] dashboardSection tail=
2025-11-13 13:53:44.446 | INFO    | sun.nio.cs.StreamEncoder.writeBytes(StreamEncoder.java:309) |    "type": "gauges.ui.gauges.CenterTextGauge",
2025-11-13 13:53:44.447 | INFO    | sun.nio.cs.StreamEncoder.writeBytes(StreamEncoder.java:309) |         "config": "configs/gauges/center_style_a.json",
2025-11-13 13:53:44.447 | INFO    | sun.nio.cs.StreamEncoder.writeBytes(StreamEncoder.java:309) |         "bind": "current.value",
2025-11-13 13:53:44.447 | INFO    | sun.nio.cs.StreamEncoder.writeBytes(StreamEncoder.java:309) |         "x": 620, "y": 40,  "w": 560, "h": 280
2025-11-13 13:53:44.448 | INFO    | sun.nio.cs.StreamEncoder.writeBytes(StreamEncoder.java:309) |       }
2025-11-13 13:53:44.449 | INFO    | sun.nio.cs.StreamEncoder.writeBytes(StreamEncoder.java:309) |     ]
2025-11-13 13:53:44.449 | INFO    | sun.nio.cs.StreamEncoder.writeBytes(StreamEncoder.java:309) |   }
2025-11-13 13:53:44.460 | INFO    | sun.nio.cs.StreamEncoder.writeBytes(StreamEncoder.java:309) | [Dashboard][Probe] found: file:/home/gauges/gauges/ui-java/build/resources/main/configs/gauges/rolling_style_a.json
2025-11-13 13:53:44.464 | INFO    | sun.nio.cs.StreamEncoder.writeBytes(StreamEncoder.java:309) | [Dashboard] mounted: type=gauges.ui.gauges.RollingGauge config=configs/gauges/rolling_style_a.json bind=current.value center=(40.0,40.0) size=(560.0,280.0)
2025-11-13 13:53:44.472 | INFO    | sun.nio.cs.StreamEncoder.writeBytes(StreamEncoder.java:309) | [Dashboard][Probe] found: file:/home/gauges/gauges/ui-java/build/resources/main/configs/gauges/center_style_a.json
2025-11-13 13:53:44.474 | INFO    | sun.nio.cs.StreamEncoder.writeBytes(StreamEncoder.java:309) | [Dashboard] mounted: type=gauges.ui.gauges.CenterTextGauge config=configs/gauges/center_style_a.json bind=current.value center=(620.0,40.0) size=(560.0,280.0)
2025-11-13 13:53:44.489 | INFO    | sun.nio.cs.StreamEncoder.writeBytes(StreamEncoder.java:309) | [SingleGauge][Debug] singleGaugeSection length=189
2025-11-13 13:53:44.489 | INFO    | sun.nio.cs.StreamEncoder.writeBytes(StreamEncoder.java:309) | [SingleGauge][Debug] singleGaugeSection head=
2025-11-13 13:53:44.490 | INFO    | sun.nio.cs.StreamEncoder.writeBytes(StreamEncoder.java:309) | {
2025-11-13 13:53:44.490 | INFO    | sun.nio.cs.StreamEncoder.writeBytes(StreamEncoder.java:309) |     "displays": [
2025-11-13 13:53:44.491 | INFO    | sun.nio.cs.StreamEncoder.writeBytes(StreamEncoder.java:309) |       {
2025-11-13 13:53:44.493 | INFO    | sun.nio.cs.StreamEncoder.writeBytes(StreamEncoder.java:309) |         "type": "gauges.ui.gauges.NoTextGaugeDigital",
2025-11-13 13:53:44.494 | INFO    | sun.nio.cs.StreamEncoder.writeBytes(StreamEncoder.java:309) |         "config": "configs/gauges/digital_style_a.json",
2025-11-13 13:53:44.494 | INFO    | sun.nio.cs.StreamEncoder.writeBytes(StreamEncoder.java:309) |         "bind": "current.value"
2025-11-13 13:53:44.498 | INFO    | sun.nio.cs.StreamEncoder.writeBytes(StreamEncoder.java:309) |       }
2025-11-13 13:53:44.499 | INFO    | sun.nio.cs.StreamEncoder.writeBytes(StreamEncoder.java:309) |     ]
2025-11-13 13:53:44.500 | INFO    | sun.nio.cs.StreamEncoder.writeBytes(StreamEncoder.java:309) |   }
2025-11-13 13:53:44.509 | INFO    | sun.nio.cs.StreamEncoder.writeBytes(StreamEncoder.java:309) | [SingleGauge][Probe] found: file:/home/gauges/gauges/ui-java/build/resources/main/configs/gauges/digital_style_a.json
2025-11-13 13:53:44.510 | INFO    | sun.nio.cs.StreamEncoder.writeBytes(StreamEncoder.java:309) | [SingleGauge] mounted: type=gauges.ui.gauges.NoTextGaugeDigital config=configs/gauges/digital_style_a.json bind=current.value
